[2018-04-12 08:27:35] local.ERROR: Route [protection.membership] not defined. (View: D:\Utenti\5C\Desktop\teachers-management-system\resources\views\layouts\welcome.blade.php) (View: D:\Utenti\5C\Desktop\teachers-management-system\resources\views\layouts\welcome.blade.php) {"exception":"[object] (ErrorException(code: 0): Route [protection.membership] not defined. (View: D:\\Utenti\\5C\\Desktop\\teachers-management-system\esources\\views\\layouts\\welcome.blade.php) (View: D:\\Utenti\\5C\\Desktop\\teachers-management-system\esources\\views\\layouts\\welcome.blade.php) at D:\\Utenti\\5C\\Desktop\\teachers-management-system\\vendor\\laravel\\framework\\src\\Illuminate\\Routing\\UrlGenerator.php:305, ErrorException(code: 0): Route [protection.membership] not defined. (View: D:\\Utenti\\5C\\Desktop\\teachers-management-system\esources\\views\\layouts\\welcome.blade.php) at D:\\Utenti\\5C\\Desktop\\teachers-management-system\\vendor\\laravel\\framework\\src\\Illuminate\\Routing\\UrlGenerator.php:305, InvalidArgumentException(code: 0): Route [protection.membership] not defined. at D:\\Utenti\\5C\\Desktop\\teachers-management-system\\vendor\\laravel\\framework\\src\\Illuminate\\Routing\\UrlGenerator.php:305)
[stacktrace]
#0 D:\\Utenti\\5C\\Desktop\\teachers-management-system\\vendor\\laravel\\framework\\src\\Illuminate\\View\\Engines\\PhpEngine.php(45): Illuminate\\View\\Engines\\CompilerEngine->handleViewException(Object(ErrorException), 1)
#1 D:\\Utenti\\5C\\Desktop\\teachers-management-system\\vendor\\laravel\\framework\\src\\Illuminate\\View\\Engines\\CompilerEngine.php(59): Illuminate\\View\\Engines\\PhpEngine->evaluatePath('D:\\\\Utenti\\\\5C\\\\De...', Array)
#2 D:\\Utenti\\5C\\Desktop\\teachers-management-system\\vendor\\laravel\\framework\\src\\Illuminate\\View\\View.php(137): Illuminate\\View\\Engines\\CompilerEngine->get('D:\\\\Utenti\\\\5C\\\\De...', Array)
#3 D:\\Utenti\\5C\\Desktop\\teachers-management-system\\vendor\\laravel\\framework\\src\\Illuminate\\View\\View.php(120): Illuminate\\View\\View->getContents()
#4 D:\\Utenti\\5C\\Desktop\\teachers-management-system\\vendor\\laravel\\framework\\src\\Illuminate\\View\\View.php(85): Illuminate\\View\\View->renderContents()
#5 D:\\Utenti\\5C\\Desktop\\teachers-management-system\\vendor\\laravel\\framework\\src\\Illuminate\\Http\\Response.php(42): Illuminate\\View\\View->render()
#6 D:\\Utenti\\5C\\Desktop\\teachers-management-system\\vendor\\symfony\\http-foundation\\Response.php(200): Illuminate\\Http\\Response->setContent(Object(Illuminate\\View\\View))
#7 D:\\Utenti\\5C\\Desktop\\teachers-management-system\\vendor\\laravel\\framework\\src\\Illuminate\\Routing\\Router.php(724): Symfony\\Component\\HttpFoundation\\Response->__construct(Object(Illuminate\\View\\View))
#8 D:\\Utenti\\5C\\Desktop\\teachers-management-system\\vendor\\laravel\\framework\\src\\Illuminate\\Routing\\Router.php(698): Illuminate\\Routing\\Router::toResponse(Object(Illuminate\\Http\\Request), Object(Illuminate\\View\\View))
#9 D:\\Utenti\\5C\\Desktop\\teachers-management-system\\vendor\\laravel\\framework\\src\\Illuminate\\Routing\\Router.php(658): Illuminate\\Routing\\Router->prepareResponse(Object(Illuminate\\Http\\Request), Object(Illuminate\\View\\View))
#10 D:\\Utenti\\5C\\Desktop\\teachers-management-system\\vendor\\laravel\\framework\\src\\Illuminate\\Routing\\Pipeline.php(30): Illuminate\\Routing\\Router->Illuminate\\Routing\\{closure}(Object(Illuminate\\Http\\Request))
#11 D:\\Utenti\\5C\\Desktop\\teachers-management-system\\app\\Http\\Middleware\\DetectLocale.php(51): Illuminate\\Routing\\Pipeline->Illuminate\\Routing\\{closure}(Object(Illuminate\\Http\\Request))
#12 D:\\Utenti\\5C\\Desktop\\teachers-management-system\\vendor\\laravel\\framework\\src\\Illuminate\\Pipeline\\Pipeline.php(149): App\\Http\\Middleware\\DetectLocale->handle(Object(Illuminate\\Http\\Request), Object(Closure))
#13 D:\\Utenti\\5C\\Desktop\\teachers-management-system\\vendor\\laravel\\framework\\src\\Illuminate\\Routing\\Pipeline.php(53): Illuminate\\Pipeline\\Pipeline->Illuminate\\Pipeline\\{closure}(Object(Illuminate\\Http\\Request))
#14 D:\\Utenti\\5C\\Desktop\\teachers-management-system\\vendor\\laravel\\framework\\src\\Illuminate\\Routing\\Middleware\\SubstituteBindings.php(41): Illuminate\\Routing\\Pipeline->Illuminate\\Routing\\{closure}(Object(Illuminate\\Http\\Request))
#15 D:\\Utenti\\5C\\Desktop\\teachers-management-system\\vendor\\laravel\\framework\\src\\Illuminate\\Pipeline\\Pipeline.php(149): Illuminate\\Routing\\Middleware\\SubstituteBindings->handle(Object(Illuminate\\Http\\Request), Object(Closure))
#16 D:\\Utenti\\5C\\Desktop\\teachers-management-system\\vendor\\laravel\\framework\\src\\Illuminate\\Routing\\Pipeline.php(53): Illuminate\\Pipeline\\Pipeline->Illuminate\\Pipeline\\{closure}(Object(Illuminate\\Http\\Request))
#17 D:\\Utenti\\5C\\Desktop\\teachers-management-system\\vendor\\laravel\\framework\\src\\Illuminate\\Foundation\\Http\\Middleware\\VerifyCsrfToken.php(67): Illuminate\\Routing\\Pipeline->Illuminate\\Routing\\{closure}(Object(Illuminate\\Http\\Request))
#18 D:\\Utenti\\5C\\Desktop\\teachers-management-system\\vendor\\laravel\\framework\\src\\Illuminate\\Pipeline\\Pipeline.php(149): Illuminate\\Foundation\\Http\\Middleware\\VerifyCsrfToken->handle(Object(Illuminate\\Http\\Request), Object(Closure))
#19 D:\\Utenti\\5C\\Desktop\\teachers-management-system\\vendor\\laravel\\framework\\src\\Illuminate\\Routing\\Pipeline.php(53): Illuminate\\Pipeline\\Pipeline->Illuminate\\Pipeline\\{closure}(Object(Illuminate\\Http\\Request))
#20 D:\\Utenti\\5C\\Desktop\\teachers-management-system\\vendor\\laravel\\framework\\src\\Illuminate\\View\\Middleware\\ShareErrorsFromSession.php(49): Illuminate\\Routing\\Pipeline->Illuminate\\Routing\\{closure}(Object(Illuminate\\Http\\Request))
#21 D:\\Utenti\\5C\\Desktop\\teachers-management-system\\vendor\\laravel\\framework\\src\\Illuminate\\Pipeline\\Pipeline.php(149): Illuminate\\View\\Middleware\\ShareErrorsFromSession->handle(Object(Illuminate\\Http\\Request), Object(Closure))
#22 D:\\Utenti\\5C\\Desktop\\teachers-management-system\\vendor\\laravel\\framework\\src\\Illuminate\\Routing\\Pipeline.php(53): Illuminate\\Pipeline\\Pipeline->Illuminate\\Pipeline\\{closure}(Object(Illuminate\\Http\\Request))
#23 D:\\Utenti\\5C\\Desktop\\teachers-management-system\\vendor\\laravel\\framework\\src\\Illuminate\\Session\\Middleware\\StartSession.php(63): Illuminate\\Routing\\Pipeline->Illuminate\\Routing\\{closure}(Object(Illuminate\\Http\\Request))
#24 D:\\Utenti\\5C\\Desktop\\teachers-management-system\\vendor\\laravel\\framework\\src\\Illuminate\\Pipeline\\Pipeline.php(149): Illuminate\\Session\\Middleware\\StartSession->handle(Object(Illuminate\\Http\\Request), Object(Closure))
#25 D:\\Utenti\\5C\\Desktop\\teachers-management-system\\vendor\\laravel\\framework\\src\\Illuminate\\Routing\\Pipeline.php(53): Illuminate\\Pipeline\\Pipeline->Illuminate\\Pipeline\\{closure}(Object(Illuminate\\Http\\Request))
#26 D:\\Utenti\\5C\\Desktop\\teachers-management-system\\vendor\\laravel\\framework\\src\\Illuminate\\Cookie\\Middleware\\AddQueuedCookiesToResponse.php(37): Illuminate\\Routing\\Pipeline->Illuminate\\Routing\\{closure}(Object(Illuminate\\Http\\Request))
#27 D:\\Utenti\\5C\\Desktop\\teachers-management-system\\vendor\\laravel\\framework\\src\\Illuminate\\Pipeline\\Pipeline.php(149): Illuminate\\Cookie\\Middleware\\AddQueuedCookiesToResponse->handle(Object(Illuminate\\Http\\Request), Object(Closure))
#28 D:\\Utenti\\5C\\Desktop\\teachers-management-system\\vendor\\laravel\\framework\\src\\Illuminate\\Routing\\Pipeline.php(53): Illuminate\\Pipeline\\Pipeline->Illuminate\\Pipeline\\{closure}(Object(Illuminate\\Http\\Request))
#29 D:\\Utenti\\5C\\Desktop\\teachers-management-system\\vendor\\laravel\\framework\\src\\Illuminate\\Cookie\\Middleware\\EncryptCookies.php(59): Illuminate\\Routing\\Pipeline->Illuminate\\Routing\\{closure}(Object(Illuminate\\Http\\Request))
#30 D:\\Utenti\\5C\\Desktop\\teachers-management-system\\vendor\\laravel\\framework\\src\\Illuminate\\Pipeline\\Pipeline.php(149): Illuminate\\Cookie\\Middleware\\EncryptCookies->handle(Object(Illuminate\\Http\\Request), Object(Closure))
#31 D:\\Utenti\\5C\\Desktop\\teachers-management-system\\vendor\\laravel\\framework\\src\\Illuminate\\Routing\\Pipeline.php(53): Illuminate\\Pipeline\\Pipeline->Illuminate\\Pipeline\\{closure}(Object(Illuminate\\Http\\Request))
#32 D:\\Utenti\\5C\\Desktop\\teachers-management-system\\vendor\\laravel\\framework\\src\\Illuminate\\Pipeline\\Pipeline.php(102): Illuminate\\Routing\\Pipeline->Illuminate\\Routing\\{closure}(Object(Illuminate\\Http\\Request))
#33 D:\\Utenti\\5C\\Desktop\\teachers-management-system\\vendor\\laravel\\framework\\src\\Illuminate\\Routing\\Router.php(660): Illuminate\\Pipeline\\Pipeline->then(Object(Closure))
#34 D:\\Utenti\\5C\\Desktop\\teachers-management-system\\vendor\\laravel\\framework\\src\\Illuminate\\Routing\\Router.php(635): Illuminate\\Routing\\Router->runRouteWithinStack(Object(Illuminate\\Routing\\Route), Object(Illuminate\\Http\\Request))
#35 D:\\Utenti\\5C\\Desktop\\teachers-management-system\\vendor\\laravel\\framework\\src\\Illuminate\\Routing\\Router.php(601): Illuminate\\Routing\\Router->runRoute(Object(Illuminate\\Http\\Request), Object(Illuminate\\Routing\\Route))
#36 D:\\Utenti\\5C\\Desktop\\teachers-management-system\\vendor\\laravel\\framework\\src\\Illuminate\\Routing\\Router.php(590): Illuminate\\Routing\\Router->dispatchToRoute(Object(Illuminate\\Http\\Request))
#37 D:\\Utenti\\5C\\Desktop\\teachers-management-system\\vendor\\laravel\\framework\\src\\Illuminate\\Foundation\\Http\\Kernel.php(176): Illuminate\\Routing\\Router->dispatch(Object(Illuminate\\Http\\Request))
#38 D:\\Utenti\\5C\\Desktop\\teachers-management-system\\vendor\\laravel\\framework\\src\\Illuminate\\Routing\\Pipeline.php(30): Illuminate\\Foundation\\Http\\Kernel->Illuminate\\Foundation\\Http\\{closure}(Object(Illuminate\\Http\\Request))
#39 D:\\Utenti\\5C\\Desktop\\teachers-management-system\\vendor\\barryvdh\\laravel-debugbar\\src\\Middleware\\Debugbar.php(51): Illuminate\\Routing\\Pipeline->Illuminate\\Routing\\{closure}(Object(Illuminate\\Http\\Request))
#40 D:\\Utenti\\5C\\Desktop\\teachers-management-system\\vendor\\laravel\\framework\\src\\Illuminate\\Pipeline\\Pipeline.php(149): Barryvdh\\Debugbar\\Middleware\\Debugbar->handle(Object(Illuminate\\Http\\Request), Object(Closure))
#41 D:\\Utenti\\5C\\Desktop\\teachers-management-system\\vendor\\laravel\\framework\\src\\Illuminate\\Routing\\Pipeline.php(53): Illuminate\\Pipeline\\Pipeline->Illuminate\\Pipeline\\{closure}(Object(Illuminate\\Http\\Request))
#42 D:\\Utenti\\5C\\Desktop\\teachers-management-system\\vendor\\laravel\\framework\\src\\Illuminate\\Foundation\\Http\\Middleware\\TransformsRequest.php(30): Illuminate\\Routing\\Pipeline->Illuminate\\Routing\\{closure}(Object(Illuminate\\Http\\Request))
#43 D:\\Utenti\\5C\\Desktop\\teachers-management-system\\vendor\\laravel\\framework\\src\\Illuminate\\Pipeline\\Pipeline.php(149): Illuminate\\Foundation\\Http\\Middleware\\TransformsRequest->handle(Object(Illuminate\\Http\\Request), Object(Closure))
#44 D:\\Utenti\\5C\\Desktop\\teachers-management-system\\vendor\\laravel\\framework\\src\\Illuminate\\Routing\\Pipeline.php(53): Illuminate\\Pipeline\\Pipeline->Illuminate\\Pipeline\\{closure}(Object(Illuminate\\Http\\Request))
#45 D:\\Utenti\\5C\\Desktop\\teachers-management-system\\vendor\\laravel\\framework\\src\\Illuminate\\Foundation\\Http\\Middleware\\TransformsRequest.php(30): Illuminate\\Routing\\Pipeline->Illuminate\\Routing\\{closure}(Object(Illuminate\\Http\\Request))
#46 D:\\Utenti\\5C\\Desktop\\teachers-management-system\\vendor\\laravel\\framework\\src\\Illuminate\\Pipeline\\Pipeline.php(149): Illuminate\\Foundation\\Http\\Middleware\\TransformsRequest->handle(Object(Illuminate\\Http\\Request), Object(Closure))
#47 D:\\Utenti\\5C\\Desktop\\teachers-management-system\\vendor\\laravel\\framework\\src\\Illuminate\\Routing\\Pipeline.php(53): Illuminate\\Pipeline\\Pipeline->Illuminate\\Pipeline\\{closure}(Object(Illuminate\\Http\\Request))
#48 D:\\Utenti\\5C\\Desktop\\teachers-management-system\\vendor\\laravel\\framework\\src\\Illuminate\\Foundation\\Http\\Middleware\\ValidatePostSize.php(27): Illuminate\\Routing\\Pipeline->Illuminate\\Routing\\{closure}(Object(Illuminate\\Http\\Request))
#49 D:\\Utenti\\5C\\Desktop\\teachers-management-system\\vendor\\laravel\\framework\\src\\Illuminate\\Pipeline\\Pipeline.php(149): Illuminate\\Foundation\\Http\\Middleware\\ValidatePostSize->handle(Object(Illuminate\\Http\\Request), Object(Closure))
#50 D:\\Utenti\\5C\\Desktop\\teachers-management-system\\vendor\\laravel\\framework\\src\\Illuminate\\Routing\\Pipeline.php(53): Illuminate\\Pipeline\\Pipeline->Illuminate\\Pipeline\\{closure}(Object(Illuminate\\Http\\Request))
#51 D:\\Utenti\\5C\\Desktop\\teachers-management-system\\vendor\\laravel\\framework\\src\\Illuminate\\Foundation\\Http\\Middleware\\CheckForMaintenanceMode.php(46): Illuminate\\Routing\\Pipeline->Illuminate\\Routing\\{closure}(Object(Illuminate\\Http\\Request))
#52 D:\\Utenti\\5C\\Desktop\\teachers-management-system\\vendor\\laravel\\framework\\src\\Illuminate\\Pipeline\\Pipeline.php(149): Illuminate\\Foundation\\Http\\Middleware\\CheckForMaintenanceMode->handle(Object(Illuminate\\Http\\Request), Object(Closure))
#53 D:\\Utenti\\5C\\Desktop\\teachers-management-system\\vendor\\laravel\\framework\\src\\Illuminate\\Routing\\Pipeline.php(53): Illuminate\\Pipeline\\Pipeline->Illuminate\\Pipeline\\{closure}(Object(Illuminate\\Http\\Request))
#54 D:\\Utenti\\5C\\Desktop\\teachers-management-system\\vendor\\laravel\\framework\\src\\Illuminate\\Pipeline\\Pipeline.php(102): Illuminate\\Routing\\Pipeline->Illuminate\\Routing\\{closure}(Object(Illuminate\\Http\\Request))
#55 D:\\Utenti\\5C\\Desktop\\teachers-management-system\\vendor\\laravel\\framework\\src\\Illuminate\\Foundation\\Http\\Kernel.php(151): Illuminate\\Pipeline\\Pipeline->then(Object(Closure))
#56 D:\\Utenti\\5C\\Desktop\\teachers-management-system\\vendor\\laravel\\framework\\src\\Illuminate\\Foundation\\Http\\Kernel.php(116): Illuminate\\Foundation\\Http\\Kernel->sendRequestThroughRouter(Object(Illuminate\\Http\\Request))
#57 D:\\Utenti\\5C\\Desktop\\teachers-management-system\\public\\index.php(53): Illuminate\\Foundation\\Http\\Kernel->handle(Object(Illuminate\\Http\\Request))
#58 D:\\Utenti\\5C\\Desktop\\teachers-management-system\\server.php(21): require_once('D:\\\\Utenti\\\\5C\\\\De...')
#59 {main}
"} 
